
> intro-storybook-react-template@0.2.1 build-storybook
> storybook build --output-dir C:\Users\y.hy\AppData\Local\Temp\chromatic--14408-6pcry0PRMXeT

@storybook/cli v7.5.2

info => Cleaning outputDir: C:\Users\y.hy\AppData\Local\Temp\chromatic--14408-6pcry0PRMXeT
info => Loading presets
info => Building manager..
info => Manager built (350 ms)
info => Building preview..
info => Copying static files: C:\dev\POC-storybook-versioning\node_modules\@storybook\manager\static at C:\Users\y.hy\AppData\Local\Temp\chromatic--14408-6pcry0PRMXeT\sb-common-assets
[36mvite v4.5.0 [32mbuilding for production...[36m[39m

./sb-common-assets/fonts.css doesn't exist at build time, it will remain unchanged to be resolved at runtime
transforming...
info => Copying static files: C:\dev\POC-storybook-versioning\public at C:\Users\y.hy\AppData\Local\Temp\chromatic--14408-6pcry0PRMXeT\
node_modules/telejson/dist/index.mjs (1413:15) Use of eval in "node_modules/telejson/dist/index.mjs" is strongly discouraged as it poses security risks and may cause issues with minification.
node_modules/telejson/dist/index.mjs (1416:18) Use of eval in "node_modules/telejson/dist/index.mjs" is strongly discouraged as it poses security risks and may cause issues with minification.
[32m✓[39m 1307 modules transformed.
rendering chunks...
computing gzip size...
[2m../../Users/y.hy/AppData/Local/Temp/chromatic--14408-6pcry0PRMXeT/[22m[32massets/direction-94a9917f.svg                  [39m[1m[2m  1.28 kB[22m[1m[22m[2m │ gzip:   0.71 kB[22m
[2m../../Users/y.hy/AppData/Local/Temp/chromatic--14408-6pcry0PRMXeT/[22m[32massets/flow-275142c6.svg                       [39m[1m[2m  1.39 kB[22m[1m[22m[2m │ gzip:   0.68 kB[22m
[2m../../Users/y.hy/AppData/Local/Temp/chromatic--14408-6pcry0PRMXeT/[22m[32massets/code-brackets-9ef6443e.svg              [39m[1m[2m  1.46 kB[22m[1m[22m[2m │ gzip:   0.69 kB[22m
[2m../../Users/y.hy/AppData/Local/Temp/chromatic--14408-6pcry0PRMXeT/[22m[32massets/comments-f15a6837.svg                   [39m[1m[2m  1.53 kB[22m[1m[22m[2m │ gzip:   0.70 kB[22m
[2m../../Users/y.hy/AppData/Local/Temp/chromatic--14408-6pcry0PRMXeT/[22m[32massets/repo-fb4ece47.svg                       [39m[1m[2m  1.64 kB[22m[1m[22m[2m │ gzip:   0.83 kB[22m
[2m../../Users/y.hy/AppData/Local/Temp/chromatic--14408-6pcry0PRMXeT/[22m[32massets/plugin-57148314.svg                     [39m[1m[2m  2.17 kB[22m[1m[22m[2m │ gzip:   0.98 kB[22m
[2m../../Users/y.hy/AppData/Local/Temp/chromatic--14408-6pcry0PRMXeT/[22m[32massets/stackalt-2ad81543.svg                   [39m[1m[2m  2.55 kB[22m[1m[22m[2m │ gzip:   1.09 kB[22m
[2m../../Users/y.hy/AppData/Local/Temp/chromatic--14408-6pcry0PRMXeT/[22m[32massets/colors-ac9401f3.svg                     [39m[1m[2m  8.51 kB[22m[1m[22m[2m │ gzip:   3.61 kB[22m
[2m../../Users/y.hy/AppData/Local/Temp/chromatic--14408-6pcry0PRMXeT/[22m[32miframe.html                                    [39m[1m[2m 12.74 kB[22m[1m[22m[2m │ gzip:   3.56 kB[22m
[2m../../Users/y.hy/AppData/Local/Temp/chromatic--14408-6pcry0PRMXeT/[22m[35massets/Header-e719f21b.css                     [39m[1m[2m  0.43 kB[22m[1m[22m[2m │ gzip:   0.29 kB[22m
[2m../../Users/y.hy/AppData/Local/Temp/chromatic--14408-6pcry0PRMXeT/[22m[35massets/Button-ac890542.css                     [39m[1m[2m  0.52 kB[22m[1m[22m[2m │ gzip:   0.29 kB[22m
[2m../../Users/y.hy/AppData/Local/Temp/chromatic--14408-6pcry0PRMXeT/[22m[35massets/Page.stories-62652a55.css               [39m[1m[2m  0.85 kB[22m[1m[22m[2m │ gzip:   0.38 kB[22m
[2m../../Users/y.hy/AppData/Local/Temp/chromatic--14408-6pcry0PRMXeT/[22m[36massets/preview-1e5c59db.js                     [39m[1m[2m  0.19 kB[22m[1m[22m[2m │ gzip:   0.19 kB[22m[2m │ map:     0.62 kB[22m
[2m../../Users/y.hy/AppData/Local/Temp/chromatic--14408-6pcry0PRMXeT/[22m[36massets/index-9eea8125.js                       [39m[1m[2m  0.25 kB[22m[1m[22m[2m │ gzip:   0.20 kB[22m[2m │ map:     0.10 kB[22m
[2m../../Users/y.hy/AppData/Local/Temp/chromatic--14408-6pcry0PRMXeT/[22m[36massets/WithTooltip-4HIR6TLV-0137bae2.js        [39m[1m[2m  0.39 kB[22m[1m[22m[2m │ gzip:   0.25 kB[22m[2m │ map:     0.11 kB[22m
[2m../../Users/y.hy/AppData/Local/Temp/chromatic--14408-6pcry0PRMXeT/[22m[36massets/syntaxhighlighter-NMPM6SWI-38ae0884.js  [39m[1m[2m  0.41 kB[22m[1m[22m[2m │ gzip:   0.27 kB[22m[2m │ map:     0.12 kB[22m
[2m../../Users/y.hy/AppData/Local/Temp/chromatic--14408-6pcry0PRMXeT/[22m[36massets/preview-18fe8169.js                     [39m[1m[2m  0.52 kB[22m[1m[22m[2m │ gzip:   0.33 kB[22m[2m │ map:     0.52 kB[22m
[2m../../Users/y.hy/AppData/Local/Temp/chromatic--14408-6pcry0PRMXeT/[22m[36massets/index-a1cf9e47.js                       [39m[1m[2m  0.53 kB[22m[1m[22m[2m │ gzip:   0.34 kB[22m[2m │ map:     4.27 kB[22m
[2m../../Users/y.hy/AppData/Local/Temp/chromatic--14408-6pcry0PRMXeT/[22m[36massets/react-18-063a39db.js                    [39m[1m[2m  0.59 kB[22m[1m[22m[2m │ gzip:   0.38 kB[22m[2m │ map:     2.61 kB[22m
[2m../../Users/y.hy/AppData/Local/Temp/chromatic--14408-6pcry0PRMXeT/[22m[36massets/preview-87eac49b.js                     [39m[1m[2m  0.68 kB[22m[1m[22m[2m │ gzip:   0.48 kB[22m[2m │ map:     3.89 kB[22m
[2m../../Users/y.hy/AppData/Local/Temp/chromatic--14408-6pcry0PRMXeT/[22m[36massets/_commonjsHelpers-de833af9.js            [39m[1m[2m  0.75 kB[22m[1m[22m[2m │ gzip:   0.43 kB[22m[2m │ map:     0.11 kB[22m
[2m../../Users/y.hy/AppData/Local/Temp/chromatic--14408-6pcry0PRMXeT/[22m[36massets/index-356e4a49.js                       [39m[1m[2m  0.81 kB[22m[1m[22m[2m │ gzip:   0.51 kB[22m[2m │ map:     3.25 kB[22m
[2m../../Users/y.hy/AppData/Local/Temp/chromatic--14408-6pcry0PRMXeT/[22m[36massets/index-8d47fad6.js                       [39m[1m[2m  0.84 kB[22m[1m[22m[2m │ gzip:   0.55 kB[22m[2m │ map:     4.07 kB[22m
[2m../../Users/y.hy/AppData/Local/Temp/chromatic--14408-6pcry0PRMXeT/[22m[36massets/preview-b3c37142.js                     [39m[1m[2m  0.90 kB[22m[1m[22m[2m │ gzip:   0.59 kB[22m[2m │ map:     2.96 kB[22m
[2m../../Users/y.hy/AppData/Local/Temp/chromatic--14408-6pcry0PRMXeT/[22m[36massets/Header.stories-a5c11603.js              [39m[1m[2m  0.92 kB[22m[1m[22m[2m │ gzip:   0.48 kB[22m[2m │ map:     0.11 kB[22m
[2m../../Users/y.hy/AppData/Local/Temp/chromatic--14408-6pcry0PRMXeT/[22m[36massets/jsx-runtime-29545a09.js                 [39m[1m[2m  1.02 kB[22m[1m[22m[2m │ gzip:   0.64 kB[22m[2m │ map:     2.29 kB[22m
[2m../../Users/y.hy/AppData/Local/Temp/chromatic--14408-6pcry0PRMXeT/[22m[36massets/DocsRenderer-NNNQARDV-1f2e3f6f.js       [39m[1m[2m  1.28 kB[22m[1m[22m[2m │ gzip:   0.70 kB[22m[2m │ map:     2.64 kB[22m
[2m../../Users/y.hy/AppData/Local/Temp/chromatic--14408-6pcry0PRMXeT/[22m[36massets/Button-361cdcd7.js                      [39m[1m[2m  1.48 kB[22m[1m[22m[2m │ gzip:   0.70 kB[22m[2m │ map:     1.98 kB[22m
[2m../../Users/y.hy/AppData/Local/Temp/chromatic--14408-6pcry0PRMXeT/[22m[36massets/Button.stories-dcfff156.js              [39m[1m[2m  1.55 kB[22m[1m[22m[2m │ gzip:   0.59 kB[22m[2m │ map:     0.13 kB[22m
[2m../../Users/y.hy/AppData/Local/Temp/chromatic--14408-6pcry0PRMXeT/[22m[36massets/Header-ba48de79.js                      [39m[1m[2m  1.69 kB[22m[1m[22m[2m │ gzip:   0.83 kB[22m[2m │ map:     3.17 kB[22m
[2m../../Users/y.hy/AppData/Local/Temp/chromatic--14408-6pcry0PRMXeT/[22m[36massets/preview-bed967c6.js                     [39m[1m[2m  2.38 kB[22m[1m[22m[2m │ gzip:   1.24 kB[22m[2m │ map:    10.93 kB[22m
[2m../../Users/y.hy/AppData/Local/Temp/chromatic--14408-6pcry0PRMXeT/[22m[36massets/index-d37d4223.js                       [39m[1m[2m  2.63 kB[22m[1m[22m[2m │ gzip:   1.30 kB[22m[2m │ map:     7.47 kB[22m
[2m../../Users/y.hy/AppData/Local/Temp/chromatic--14408-6pcry0PRMXeT/[22m[36massets/preview-108c1c3c.js                     [39m[1m[2m  3.26 kB[22m[1m[22m[2m │ gzip:   1.41 kB[22m[2m │ map:    10.26 kB[22m
[2m../../Users/y.hy/AppData/Local/Temp/chromatic--14408-6pcry0PRMXeT/[22m[36massets/iframe-afbb450a.js                      [39m[1m[2m  4.76 kB[22m[1m[22m[2m │ gzip:   1.71 kB[22m[2m │ map:     5.37 kB[22m
[2m../../Users/y.hy/AppData/Local/Temp/chromatic--14408-6pcry0PRMXeT/[22m[36massets/Introduction-08cfe17d.js                [39m[1m[2m  6.65 kB[22m[1m[22m[2m │ gzip:   2.21 kB[22m[2m │ map:    11.85 kB[22m
[2m../../Users/y.hy/AppData/Local/Temp/chromatic--14408-6pcry0PRMXeT/[22m[36massets/index-76fb7be0.js                       [39m[1m[2m  7.21 kB[22m[1m[22m[2m │ gzip:   2.95 kB[22m[2m │ map:    15.70 kB[22m
[2m../../Users/y.hy/AppData/Local/Temp/chromatic--14408-6pcry0PRMXeT/[22m[36massets/preview-b8d6c68d.js                     [39m[1m[2m  7.67 kB[22m[1m[22m[2m │ gzip:   1.59 kB[22m[2m │ map:    14.21 kB[22m
[2m../../Users/y.hy/AppData/Local/Temp/chromatic--14408-6pcry0PRMXeT/[22m[36massets/preview-2059b184.js                     [39m[1m[2m  8.32 kB[22m[1m[22m[2m │ gzip:   3.20 kB[22m[2m │ map:    29.41 kB[22m
[2m../../Users/y.hy/AppData/Local/Temp/chromatic--14408-6pcry0PRMXeT/[22m[36massets/preview-6751e51d.js                     [39m[1m[2m 21.12 kB[22m[1m[22m[2m │ gzip:   7.00 kB[22m[2m │ map:    68.33 kB[22m
[2m../../Users/y.hy/AppData/Local/Temp/chromatic--14408-6pcry0PRMXeT/[22m[36massets/Color-6VNJS4EI-2c8dff59.js              [39m[1m[2m 31.00 kB[22m[1m[22m[2m │ gzip:  11.63 kB[22m[2m │ map:   112.58 kB[22m
[2m../../Users/y.hy/AppData/Local/Temp/chromatic--14408-6pcry0PRMXeT/[22m[36massets/index-932496f1.js                       [39m[1m[2m212.78 kB[22m[1m[22m[2m │ gzip:  66.50 kB[22m[2m │ map:   652.77 kB[22m
[2m../../Users/y.hy/AppData/Local/Temp/chromatic--14408-6pcry0PRMXeT/[22m[36massets/config-9932535d.js                      [39m[1m[2m213.48 kB[22m[1m[22m[2m │ gzip:  66.38 kB[22m[2m │ map:   803.13 kB[22m
[2m../../Users/y.hy/AppData/Local/Temp/chromatic--14408-6pcry0PRMXeT/[22m[36massets/Page.stories-a1f2db2a.js                [39m[1m[2m311.66 kB[22m[1m[22m[2m │ gzip:  78.25 kB[22m[2m │ map: 1,156.99 kB[22m
[2m../../Users/y.hy/AppData/Local/Temp/chromatic--14408-6pcry0PRMXeT/[22m[36massets/index-10e12dfb.js                       [39m[1m[33m533.87 kB[39m[22m[2m │ gzip: 174.29 kB[22m[2m │ map: 1,548.10 kB[22m
[2m../../Users/y.hy/AppData/Local/Temp/chromatic--14408-6pcry0PRMXeT/[22m[36massets/formatter-SWP5E3XI-f2be04ee.js          [39m[1m[33m601.59 kB[39m[22m[2m │ gzip: 185.02 kB[22m[2m │ map: 1,318.59 kB[22m
[33m
(!) Some chunks are larger than 500 kBs after minification. Consider:
- Using dynamic import() to code-split the application
- Use build.rollupOptions.output.manualChunks to improve chunking: https://rollupjs.org/configuration-options/#output-manualchunks
- Adjust chunk size limit for this warning via build.chunkSizeWarningLimit.[39m
[32m✓ built in 21.73s[39m
info => Preview built (23 s)
info => Output directory: C:\Users\y.hy\AppData\Local\Temp\chromatic--14408-6pcry0PRMXeT
